# JRE version: Java(TM) SE Runtime Environment (8.0_25-b18) (build 1.8.0_25-b18)
# Java VM: Java HotSpot(TM) 64-Bit Server VM (25.25-b02 mixed mode windows-amd64 compressed oops)
Heap:
 PSYoungGen      total 14848K, used 976K [0x00000000f5600000, 0x00000000f6580000, 0x0000000100000000)
  eden space 13824K, 7% used [0x00000000f5600000,0x00000000f56f4108,0x00000000f6380000)
  from space 1024K, 0% used [0x00000000f6380000,0x00000000f6380000,0x00000000f6480000)
  to   space 512K, 0% used [0x00000000f6500000,0x00000000f6500000,0x00000000f6580000)
 ParOldGen       total 126464K, used 79155K [0x00000000e0200000, 0x00000000e7d80000, 0x00000000f5600000)
  object space 126464K, 62% used [0x00000000e0200000,0x00000000e4f4cc50,0x00000000e7d80000)
 Metaspace       used 10668K, capacity 10854K, committed 11136K, reserved 1060864K
  class space    used 1231K, capacity 1283K, committed 1408K, reserved 1048576K
GC Heap History (10 events):
Event: 5.270 GC heap before
{Heap before GC invocations=11 (full 2):
 PSYoungGen      total 14336K, used 8721K [0x00000000f5600000, 0x00000000f6580000, 0x0000000100000000)
  eden space 13824K, 62% used [0x00000000f5600000,0x00000000f5e7c6e8,0x00000000f6380000)
  from space 512K, 6% used [0x00000000f6500000,0x00000000f6508000,0x00000000f6580000)
  to   space 1024K, 0% used [0x00000000f6380000,0x00000000f6380000,0x00000000f6480000)
 ParOldGen       total 118784K, used 79338K [0x00000000e0200000, 0x00000000e7600000, 0x00000000f5600000)
  object space 118784K, 66% used [0x00000000e0200000,0x00000000e4f7ab70,0x00000000e7600000)
 Metaspace       used 9796K, capacity 9940K, committed 10240K, reserved 1058816K
  class space    used 1098K, capacity 1152K, committed 1280K, reserved 1048576K
Event: 5.271 GC heap after
Heap after GC invocations=11 (full 2):
 PSYoungGen      total 14848K, used 64K [0x00000000f5600000, 0x00000000f6580000, 0x0000000100000000)
  eden space 13824K, 0% used [0x00000000f5600000,0x00000000f5600000,0x00000000f6380000)
  from space 1024K, 6% used [0x00000000f6380000,0x00000000f6390000,0x00000000f6480000)
  to   space 512K, 0% used [0x00000000f6500000,0x00000000f6500000,0x00000000f6580000)
 ParOldGen       total 118784K, used 79338K [0x00000000e0200000, 0x00000000e7600000, 0x00000000f5600000)
  object space 118784K, 66% used [0x00000000e0200000,0x00000000e4f7ab70,0x00000000e7600000)
 Metaspace       used 9796K, capacity 9940K, committed 10240K, reserved 1058816K
  class space    used 1098K, capacity 1152K, committed 1280K, reserved 1048576K
}
Event: 5.271 GC heap before
{Heap before GC invocations=12 (full 2):
 PSYoungGen      total 14848K, used 64K [0x00000000f5600000, 0x00000000f6580000, 0x0000000100000000)
  eden space 13824K, 0% used [0x00000000f5600000,0x00000000f5600000,0x00000000f6380000)
  from space 1024K, 6% used [0x00000000f6380000,0x00000000f6390000,0x00000000f6480000)
  to   space 512K, 0% used [0x00000000f6500000,0x00000000f6500000,0x00000000f6580000)
 ParOldGen       total 118784K, used 79338K [0x00000000e0200000, 0x00000000e7600000, 0x00000000f5600000)
  object space 118784K, 66% used [0x00000000e0200000,0x00000000e4f7ab70,0x00000000e7600000)
 Metaspace       used 9796K, capacity 9940K, committed 10240K, reserved 1058816K
  class space    used 1098K, capacity 1152K, committed 1280K, reserved 1048576K
Event: 5.271 GC heap after
Heap after GC invocations=12 (full 2):
 PSYoungGen      total 14336K, used 96K [0x00000000f5600000, 0x00000000f6580000, 0x0000000100000000)
  eden space 13824K, 0% used [0x00000000f5600000,0x00000000f5600000,0x00000000f6380000)
  from space 512K, 18% used [0x00000000f6500000,0x00000000f6518000,0x00000000f6580000)
  to   space 1024K, 0% used [0x00000000f6380000,0x00000000f6380000,0x00000000f6480000)
 ParOldGen       total 118784K, used 79338K [0x00000000e0200000, 0x00000000e7600000, 0x00000000f5600000)
  object space 118784K, 66% used [0x00000000e0200000,0x00000000e4f7ab70,0x00000000e7600000)
 Metaspace       used 9796K, capacity 9940K, committed 10240K, reserved 1058816K
  class space    used 1098K, capacity 1152K, committed 1280K, reserved 1048576K
}
Event: 5.271 GC heap before
{Heap before GC invocations=13 (full 3):
 PSYoungGen      total 14336K, used 96K [0x00000000f5600000, 0x00000000f6580000, 0x0000000100000000)
  eden space 13824K, 0% used [0x00000000f5600000,0x00000000f5600000,0x00000000f6380000)
  from space 512K, 18% used [0x00000000f6500000,0x00000000f6518000,0x00000000f6580000)
  to   space 1024K, 0% used [0x00000000f6380000,0x00000000f6380000,0x00000000f6480000)
 ParOldGen       total 118784K, used 79338K [0x00000000e0200000, 0x00000000e7600000, 0x00000000f5600000)
  object space 118784K, 66% used [0x00000000e0200000,0x00000000e4f7ab70,0x00000000e7600000)
 Metaspace       used 9796K, capacity 9940K, committed 10240K, reserved 1058816K
  class space    used 1098K, capacity 1152K, committed 1280K, reserved 1048576K
Event: 5.345 GC heap after
Heap after GC invocations=13 (full 3):
 PSYoungGen      total 14336K, used 0K [0x00000000f5600000, 0x00000000f6580000, 0x0000000100000000)
  eden space 13824K, 0% used [0x00000000f5600000,0x00000000f5600000,0x00000000f6380000)
  from space 512K, 0% used [0x00000000f6500000,0x00000000f6500000,0x00000000f6580000)
  to   space 1024K, 0% used [0x00000000f6380000,0x00000000f6380000,0x00000000f6480000)
 ParOldGen       total 118272K, used 79321K [0x00000000e0200000, 0x00000000e7580000, 0x00000000f5600000)
  object space 118272K, 67% used [0x00000000e0200000,0x00000000e4f76400,0x00000000e7580000)
 Metaspace       used 9796K, capacity 9940K, committed 10240K, reserved 1058816K
  class space    used 1098K, capacity 1152K, committed 1280K, reserved 1048576K
}
Event: 5.345 GC heap before
{Heap before GC invocations=14 (full 3):
 PSYoungGen      total 14336K, used 0K [0x00000000f5600000, 0x00000000f6580000, 0x0000000100000000)
  eden space 13824K, 0% used [0x00000000f5600000,0x00000000f5600000,0x00000000f6380000)
  from space 512K, 0% used [0x00000000f6500000,0x00000000f6500000,0x00000000f6580000)
  to   space 1024K, 0% used [0x00000000f6380000,0x00000000f6380000,0x00000000f6480000)
 ParOldGen       total 118272K, used 79321K [0x00000000e0200000, 0x00000000e7580000, 0x00000000f5600000)
  object space 118272K, 67% used [0x00000000e0200000,0x00000000e4f76400,0x00000000e7580000)
 Metaspace       used 9796K, capacity 9940K, committed 10240K, reserved 1058816K
  class space    used 1098K, capacity 1152K, committed 1280K, reserved 1048576K
Event: 5.346 GC heap after
Heap after GC invocations=14 (full 3):
 PSYoungGen      total 14848K, used 0K [0x00000000f5600000, 0x00000000f6580000, 0x0000000100000000)
  eden space 13824K, 0% used [0x00000000f5600000,0x00000000f5600000,0x00000000f6380000)
  from space 1024K, 0% used [0x00000000f6380000,0x00000000f6380000,0x00000000f6480000)
  to   space 512K, 0% used [0x00000000f6500000,0x00000000f6500000,0x00000000f6580000)
 ParOldGen       total 118272K, used 79321K [0x00000000e0200000, 0x00000000e7580000, 0x00000000f5600000)
  object space 118272K, 67% used [0x00000000e0200000,0x00000000e4f76400,0x00000000e7580000)
 Metaspace       used 9796K, capacity 9940K, committed 10240K, reserved 1058816K
  class space    used 1098K, capacity 1152K, committed 1280K, reserved 1048576K
}
Event: 5.346 GC heap before
{Heap before GC invocations=15 (full 4):
 PSYoungGen      total 14848K, used 0K [0x00000000f5600000, 0x00000000f6580000, 0x0000000100000000)
  eden space 13824K, 0% used [0x00000000f5600000,0x00000000f5600000,0x00000000f6380000)
  from space 1024K, 0% used [0x00000000f6380000,0x00000000f6380000,0x00000000f6480000)
  to   space 512K, 0% used [0x00000000f6500000,0x00000000f6500000,0x00000000f6580000)
 ParOldGen       total 118272K, used 79321K [0x00000000e0200000, 0x00000000e7580000, 0x00000000f5600000)
  object space 118272K, 67% used [0x00000000e0200000,0x00000000e4f76400,0x00000000e7580000)
 Metaspace       used 9796K, capacity 9940K, committed 10240K, reserved 1058816K
  class space    used 1098K, capacity 1152K, committed 1280K, reserved 1048576K
Event: 5.419 GC heap after
Heap after GC invocations=15 (full 4):
 PSYoungGen      total 14848K, used 0K [0x00000000f5600000, 0x00000000f6580000, 0x0000000100000000)
  eden space 13824K, 0% used [0x00000000f5600000,0x00000000f5600000,0x00000000f6380000)
  from space 1024K, 0% used [0x00000000f6380000,0x00000000f6380000,0x00000000f6480000)
  to   space 512K, 0% used [0x00000000f6500000,0x00000000f6500000,0x00000000f6580000)
 ParOldGen       total 126464K, used 79155K [0x00000000e0200000, 0x00000000e7d80000, 0x00000000f5600000)
  object space 126464K, 62% used [0x00000000e0200000,0x00000000e4f4cc50,0x00000000e7d80000)
 Metaspace       used 9796K, capacity 9940K, committed 10240K, reserved 1058816K
  class space    used 1098K, capacity 1152K, committed 1280K, reserved 1048576K
}

